Arguments: 
  /usr/local/bin/node /Users/domgan/.yarn/bin/yarn.js add --dev rollup-commonjs-plugin

PATH: 
  /Users/domgan/.yarn/bin:/Users/domgan/.config/yarn/global/node_modules/.bin:/opt/facebook/bin:/usr/local/bin:/usr/bin:/bin:/usr/sbin:/sbin:/Applications/VMware Fusion.app/Contents/Public/:/opt/facebook/nuclide/latest/nuclide/pkg/fb-biggrep-cli/bin:/opt/facebook/nuclide/latest/nuclide/pkg/fb-on-demand-cli/bin:/opt/facebook/ops/scripts/chef:/opt/homebrew/bin:/usr/local/munki:/opt/facebook/hg/bin:/opt/android_sdk/tools:/opt/android_sdk/platform-tools:/opt/android_sdk/tools:/opt/android_sdk/platform-tools

Yarn version: 
  1.6.0

Node version: 
  11.0.0

Platform: 
  darwin x64

Trace: 
  Error: https://registry.yarnpkg.com/rollup-commonjs-plugin: Not found
      at Request.params.callback [as _callback] (/Users/domgan/.yarn/lib/cli.js:65327:18)
      at Request.self.callback (/Users/domgan/.yarn/lib/cli.js:133155:22)
      at Request.emit (events.js:182:13)
      at Request.<anonymous> (/Users/domgan/.yarn/lib/cli.js:134138:10)
      at Request.emit (events.js:182:13)
      at IncomingMessage.<anonymous> (/Users/domgan/.yarn/lib/cli.js:134058:12)
      at Object.onceWrapper (events.js:273:13)
      at IncomingMessage.emit (events.js:187:15)
      at endReadableNT (_stream_readable.js:1094:12)
      at process.internalTickCallback (internal/process/next_tick.js:72:19)

npm manifest: 
  {
    "version": "0.0.1",
    "description": "Browser sandbox for the React compiler",
    "scripts": {
      "build-compiler": "node ../lib/cli.js --entry=App.js",
      "build-bundle": "rollup index.js --output ./bundle.js --format umd --name App",
      "build": "yarn build-compiler && yarn build-bundle"
    },
    "author": "Dominic Gannaway",
    "license": "MIT",
    "devDependencies": {
      "rollup": "^1.0.1"
    }
  }

yarn manifest: 
  No manifest

Lockfile: 
  # THIS IS AN AUTOGENERATED FILE. DO NOT EDIT THIS FILE DIRECTLY.
  # yarn lockfile v1
  
  
  "@types/estree@0.0.39":
    version "0.0.39"
    resolved "https://registry.yarnpkg.com/@types/estree/-/estree-0.0.39.tgz#e177e699ee1b8c22d23174caaa7422644389509f"
  
  "@types/node@*":
    version "10.12.18"
    resolved "https://registry.yarnpkg.com/@types/node/-/node-10.12.18.tgz#1d3ca764718915584fcd9f6344621b7672665c67"
  
  acorn@^6.0.4:
    version "6.0.5"
    resolved "https://registry.yarnpkg.com/acorn/-/acorn-6.0.5.tgz#81730c0815f3f3b34d8efa95cb7430965f4d887a"
  
  rollup@^1.0.1:
    version "1.0.1"
    resolved "https://registry.yarnpkg.com/rollup/-/rollup-1.0.1.tgz#59dbf80d4ca993e73ec0886c5a649d4e297ae07d"
    dependencies:
      "@types/estree" "0.0.39"
      "@types/node" "*"
      acorn "^6.0.4"
